[91m[ERROR] Receiver has following arguments: stats_filename is (null), listen_ip is ::, listen_port is 1341[0m
[91m[ERROR] Packet [0] received[0m
0 -> END 0
[91m[ERROR] packet 0 writed
[0m
[91m[ERROR] ack 1 sended[0m
[91m[ERROR] Packet [1] received[0m
1 -> END 0
[91m[ERROR] packet 1 writed
[0m
[91m[ERROR] ack 2 sended[0m
[91m[ERROR] Packet [2] received[0m
2 -> END 0
[91m[ERROR] packet 2 writed
[0m
[91m[ERROR] ack 3 sended[0m
[91m[ERROR] Packet [3] received[0m
3 -> END 0
[91m[ERROR] packet 3 writed
[0m
[91m[ERROR] ack 4 sended[0m
[91m[ERROR] Packet [4] received[0m
4 -> END 0
[91m[ERROR] packet 4 writed
[0m
[91m[ERROR] ack 5 sended[0m
[91m[ERROR] Packet [5] received[0m
5 -> END 0
[91m[ERROR] packet 5 writed
[0m
[91m[ERROR] ack 6 sended[0m
[91m[ERROR] Packet [6] received[0m
6 -> END 0
[91m[ERROR] packet 6 writed
[0m
[91m[ERROR] ack 7 sended[0m
[91m[ERROR] Packet [7] received[0m
7 -> END 0
[91m[ERROR] packet 7 writed
[0m
[91m[ERROR] ack 8 sended[0m
[91m[ERROR] Packet [8] received[0m
8 -> END 0
[91m[ERROR] packet 8 writed
[0m
[91m[ERROR] ack 9 sended[0m
[91m[ERROR] Packet [9] received[0m
9 -> END 0
[91m[ERROR] packet 9 writed
[0m
[91m[ERROR] ack 10 sended[0m
[91m[ERROR] Packet [10] received[0m
10 -> END 0
[91m[ERROR] packet 10 writed
[0m
[91m[ERROR] ack 11 sended[0m
[91m[ERROR] Packet [11] received[0m
11 -> END 0
[91m[ERROR] packet 11 writed
[0m
[91m[ERROR] ack 12 sended[0m
[91m[ERROR] Packet [12] received[0m
12 -> END 0
[91m[ERROR] packet 12 writed
[0m
[91m[ERROR] ack 13 sended[0m
[91m[ERROR] Packet [13] received[0m
13 -> END 0
[91m[ERROR] packet 13 writed
[0m
[91m[ERROR] ack 14 sended[0m
[91m[ERROR] Packet [14] received[0m
14 -> END 0
[91m[ERROR] packet 14 writed
[0m
[91m[ERROR] ack 15 sended[0m
[91m[ERROR] Packet [15] received[0m
15 -> END 0
[91m[ERROR] packet 15 writed
[0m
[91m[ERROR] ack 16 sended[0m
[91m[ERROR] Packet [16] received[0m
16 -> END 0
[91m[ERROR] packet 16 writed
[0m
[91m[ERROR] ack 17 sended[0m
[91m[ERROR] Packet [17] received[0m
17 -> END 0
[91m[ERROR] packet 17 writed
[0m
[91m[ERROR] ack 18 sended[0m
[91m[ERROR] Packet [18] received[0m
18 -> END 0
[91m[ERROR] packet 18 writed
[0m
[91m[ERROR] ack 19 sended[0m
[91m[ERROR] Packet [19] received[0m
19 -> END 0
[91m[ERROR] packet 19 writed
[0m
[91m[ERROR] ack 20 sended[0m
[91m[ERROR] Packet [20] received[0m
20 -> END 0
[91m[ERROR] packet 20 writed
[0m
[91m[ERROR] ack 21 sended[0m
[91m[ERROR] Packet [21] received[0m
21 -> END 0
[91m[ERROR] packet 21 writed
[0m
[91m[ERROR] ack 22 sended[0m
[91m[ERROR] Packet [22] received[0m
22 -> END 0
[91m[ERROR] packet 22 writed
[0m
[91m[ERROR] ack 23 sended[0m
[91m[ERROR] Packet [23] received[0m
23 -> END 0
[91m[ERROR] packet 23 writed
[0m
[91m[ERROR] ack 24 sended[0m
[91m[ERROR] Packet [24] received[0m
24 -> END 0
[91m[ERROR] packet 24 writed
[0m
[91m[ERROR] ack 25 sended[0m
[91m[ERROR] Packet [25] received[0m
25 -> END 0
[91m[ERROR] packet 25 writed
[0m
[91m[ERROR] ack 26 sended[0m
[91m[ERROR] Packet [26] received[0m
26 -> END 0
[91m[ERROR] packet 26 writed
[0m
[91m[ERROR] ack 27 sended[0m
[91m[ERROR] Packet [27] received[0m
27 -> END 0
[91m[ERROR] packet 27 writed
[0m
[91m[ERROR] ack 28 sended[0m
[91m[ERROR] Packet [28] received[0m
28 -> END 0
[91m[ERROR] packet 28 writed
[0m
[91m[ERROR] ack 29 sended[0m
[91m[ERROR] Packet [29] received[0m
29 -> END 0
[91m[ERROR] packet 29 writed
[0m
[91m[ERROR] ack 30 sended[0m
[91m[ERROR] Packet [30] received[0m
30 -> END 0
[91m[ERROR] packet 30 writed
[0m
[91m[ERROR] ack 31 sended[0m
[91m[ERROR] Packet [31] received[0m
31 -> END 0
[91m[ERROR] packet 31 writed
[0m
[91m[ERROR] ack 32 sended[0m
[91m[ERROR] Packet [32] received[0m
32 -> END 0
[91m[ERROR] packet 32 writed
[0m
[91m[ERROR] ack 33 sended[0m
[91m[ERROR] Packet [33] received[0m
33 -> END 0
[91m[ERROR] packet 33 writed
[0m
[91m[ERROR] ack 34 sended[0m
[91m[ERROR] Packet [34] received[0m
34 -> END 0
[91m[ERROR] packet 34 writed
[0m
[91m[ERROR] ack 35 sended[0m
[91m[ERROR] Packet [35] received[0m
35 -> END 0
[91m[ERROR] packet 35 writed
[0m
[91m[ERROR] ack 36 sended[0m
[91m[ERROR] Packet [36] received[0m
36 -> END 0
[91m[ERROR] packet 36 writed
[0m
[91m[ERROR] ack 37 sended[0m
[91m[ERROR] Packet [37] received[0m
37 -> END 0
[91m[ERROR] packet 37 writed
[0m
[91m[ERROR] ack 38 sended[0m
[91m[ERROR] Packet [38] received[0m
38 -> END 0
[91m[ERROR] packet 38 writed
[0m
[91m[ERROR] ack 39 sended[0m
[91m[ERROR] Packet [39] received[0m
39 -> END 0
[91m[ERROR] packet 39 writed
[0m
[91m[ERROR] ack 40 sended[0m
[91m[ERROR] Packet [40] received[0m
40 -> END 0
[91m[ERROR] packet 40 writed
[0m
[91m[ERROR] ack 41 sended[0m
[91m[ERROR] Packet [41] received[0m
41 -> END 0
[91m[ERROR] packet 41 writed
[0m
[91m[ERROR] ack 42 sended[0m
[91m[ERROR] Packet [42] received[0m
42 -> END 0
[91m[ERROR] packet 42 writed
[0m
[91m[ERROR] ack 43 sended[0m
[91m[ERROR] Packet [43] received[0m
43 -> END 0
[91m[ERROR] packet 43 writed
[0m
[91m[ERROR] ack 44 sended[0m
[91m[ERROR] Packet [44] received[0m
44 -> END 0
[91m[ERROR] packet 44 writed
[0m
[91m[ERROR] ack 45 sended[0m
[91m[ERROR] Packet [45] received[0m
45 -> END 0
[91m[ERROR] packet 45 writed
[0m
[91m[ERROR] ack 46 sended[0m
[91m[ERROR] Packet [46] received[0m
46 -> END 0
[91m[ERROR] packet 46 writed
[0m
[91m[ERROR] ack 47 sended[0m
[91m[ERROR] Packet [47] received[0m
47 -> END 0
[91m[ERROR] packet 47 writed
[0m
[91m[ERROR] ack 48 sended[0m
[91m[ERROR] Packet [48] received[0m
48 -> END 0
[91m[ERROR] packet 48 writed
[0m
[91m[ERROR] ack 49 sended[0m
[91m[ERROR] Packet [49] received[0m
49 -> END 0
[91m[ERROR] packet 49 writed
[0m
[91m[ERROR] ack 50 sended[0m
[91m[ERROR] Packet [50] received[0m
50 -> END 0
[91m[ERROR] packet 50 writed
[0m
[91m[ERROR] ack 51 sended[0m
[91m[ERROR] Packet [51] received[0m
51 -> END 0
[91m[ERROR] packet 51 writed
[0m
[91m[ERROR] ack 52 sended[0m
[91m[ERROR] Packet [52] received[0m
52 -> END 0
[91m[ERROR] packet 52 writed
[0m
[91m[ERROR] ack 53 sended[0m
[91m[ERROR] Packet [53] received[0m
53 -> END 0
[91m[ERROR] packet 53 writed
[0m
[91m[ERROR] ack 54 sended[0m
[91m[ERROR] Packet [54] received[0m
54 -> END 0
[91m[ERROR] packet 54 writed
[0m
[91m[ERROR] ack 55 sended[0m
[91m[ERROR] Packet [55] received[0m
55 -> END 0
[91m[ERROR] packet 55 writed
[0m
[91m[ERROR] ack 56 sended[0m
[91m[ERROR] Packet [56] received[0m
56 -> END 0
[91m[ERROR] packet 56 writed
[0m
[91m[ERROR] ack 57 sended[0m
[91m[ERROR] Packet [57] received[0m
57 -> END 0
[91m[ERROR] packet 57 writed
[0m
[91m[ERROR] ack 58 sended[0m
[91m[ERROR] Packet [58] received[0m
58 -> END 0
[91m[ERROR] packet 58 writed
[0m
[91m[ERROR] ack 59 sended[0m
[91m[ERROR] Packet [59] received[0m
59 -> END 0
[91m[ERROR] packet 59 writed
[0m
[91m[ERROR] ack 60 sended[0m
[91m[ERROR] Packet [60] received[0m
60 -> END 0
[91m[ERROR] packet 60 writed
[0m
[91m[ERROR] ack 61 sended[0m
[91m[ERROR] Packet [61] received[0m
61 -> END 0
[91m[ERROR] packet 61 writed
[0m
[91m[ERROR] ack 62 sended[0m
[91m[ERROR] Packet [62] received[0m
62 -> END 0
[91m[ERROR] packet 62 writed
[0m
[91m[ERROR] ack 63 sended[0m
[91m[ERROR] Packet [63] received[0m
63 -> END 0
[91m[ERROR] packet 63 writed
[0m
[91m[ERROR] ack 64 sended[0m
[91m[ERROR] Packet [64] received[0m
64 -> END 0
[91m[ERROR] packet 64 writed
[0m
[91m[ERROR] ack 65 sended[0m
[91m[ERROR] Packet [65] received[0m
65 -> END 0
[91m[ERROR] packet 65 writed
[0m
[91m[ERROR] ack 66 sended[0m
[91m[ERROR] Packet [66] received[0m
66 -> END 0
[91m[ERROR] packet 66 writed
[0m
[91m[ERROR] ack 67 sended[0m
[91m[ERROR] Packet [67] received[0m
67 -> END 0
[91m[ERROR] packet 67 writed
[0m
[91m[ERROR] ack 68 sended[0m
[91m[ERROR] Packet [68] received[0m
68 -> END 0
[91m[ERROR] packet 68 writed
[0m
[91m[ERROR] ack 69 sended[0m
[91m[ERROR] Packet [69] received[0m
69 -> END 0
[91m[ERROR] packet 69 writed
[0m
[91m[ERROR] ack 70 sended[0m
[91m[ERROR] Packet [70] received[0m
70 -> END 0
[91m[ERROR] packet 70 writed
[0m
[91m[ERROR] ack 71 sended[0m
[91m[ERROR] Packet [71] received[0m
71 -> END 0
[91m[ERROR] packet 71 writed
[0m
[91m[ERROR] ack 72 sended[0m
[91m[ERROR] Packet [72] received[0m
72 -> END 0
[91m[ERROR] packet 72 writed
[0m
[91m[ERROR] ack 73 sended[0m
[91m[ERROR] Packet [73] received[0m
73 -> END 0
[91m[ERROR] packet 73 writed
[0m
[91m[ERROR] ack 74 sended[0m
[91m[ERROR] Packet [74] received[0m
74 -> END 0
[91m[ERROR] packet 74 writed
[0m
[91m[ERROR] ack 75 sended[0m
[91m[ERROR] Packet [75] received[0m
75 -> END 0
[91m[ERROR] packet 75 writed
[0m
[91m[ERROR] ack 76 sended[0m
[91m[ERROR] Packet [76] received[0m
76 -> END 0
[91m[ERROR] packet 76 writed
[0m
[91m[ERROR] ack 77 sended[0m
[91m[ERROR] Packet [77] received[0m
77 -> END 0
[91m[ERROR] packet 77 writed
[0m
[91m[ERROR] ack 78 sended[0m
[91m[ERROR] Packet [78] received[0m
78 -> END 0
[91m[ERROR] packet 78 writed
[0m
[91m[ERROR] ack 79 sended[0m
[91m[ERROR] Packet [79] received[0m
79 -> END 0
[91m[ERROR] packet 79 writed
[0m
[91m[ERROR] ack 80 sended[0m
[91m[ERROR] Packet [80] received[0m
80 -> END 0
[91m[ERROR] packet 80 writed
[0m
[91m[ERROR] ack 81 sended[0m
[91m[ERROR] Packet [81] received[0m
81 -> END 0
[91m[ERROR] packet 81 writed
[0m
[91m[ERROR] ack 82 sended[0m
[91m[ERROR] Packet [82] received[0m
82 -> END 0
[91m[ERROR] packet 82 writed
[0m
[91m[ERROR] ack 83 sended[0m
[91m[ERROR] Packet [83] received[0m
83 -> END 0
[91m[ERROR] packet 83 writed
[0m
[91m[ERROR] ack 84 sended[0m
[91m[ERROR] Packet [84] received[0m
84 -> END 0
[91m[ERROR] packet 84 writed
[0m
[91m[ERROR] ack 85 sended[0m
[91m[ERROR] Packet [85] received[0m
85 -> END 0
[91m[ERROR] packet 85 writed
[0m
[91m[ERROR] ack 86 sended[0m
[91m[ERROR] Packet [86] received[0m
86 -> END 0
[91m[ERROR] packet 86 writed
[0m
[91m[ERROR] ack 87 sended[0m
[91m[ERROR] Packet [87] received[0m
87 -> END 0
[91m[ERROR] packet 87 writed
[0m
[91m[ERROR] ack 88 sended[0m
[91m[ERROR] Packet [88] received[0m
88 -> END 0
[91m[ERROR] packet 88 writed
[0m
[91m[ERROR] ack 89 sended[0m
[91m[ERROR] Packet [89] received[0m
89 -> END 0
[91m[ERROR] packet 89 writed
[0m
[91m[ERROR] ack 90 sended[0m
[91m[ERROR] Packet [90] received[0m
90 -> END 0
[91m[ERROR] packet 90 writed
[0m
[91m[ERROR] ack 91 sended[0m
[91m[ERROR] Packet [91] received[0m
91 -> END 0
[91m[ERROR] packet 91 writed
[0m
[91m[ERROR] ack 92 sended[0m
[91m[ERROR] Packet [92] received[0m
92 -> END 0
[91m[ERROR] packet 92 writed
[0m
[91m[ERROR] ack 93 sended[0m
[91m[ERROR] Packet [93] received[0m
93 -> END 0
[91m[ERROR] packet 93 writed
[0m
[91m[ERROR] ack 94 sended[0m
[91m[ERROR] Packet [94] received[0m
94 -> END 0
[91m[ERROR] packet 94 writed
[0m
[91m[ERROR] ack 95 sended[0m
[91m[ERROR] Packet [95] received[0m
95 -> END 0
[91m[ERROR] packet 95 writed
[0m
[91m[ERROR] ack 96 sended[0m
[91m[ERROR] Packet [96] received[0m
96 -> END 0
[91m[ERROR] packet 96 writed
[0m
[91m[ERROR] ack 97 sended[0m
[91m[ERROR] Packet [97] received[0m
97 -> END 0
[91m[ERROR] packet 97 writed
[0m
[91m[ERROR] ack 98 sended[0m
[91m[ERROR] Packet [98] received[0m
98 -> END 0
[91m[ERROR] packet 98 writed
[0m
[91m[ERROR] ack 99 sended[0m
[91m[ERROR] Packet [99] received[0m
99 -> END 0
[91m[ERROR] packet 99 writed
[0m
[91m[ERROR] ack 100 sended[0m
[91m[ERROR] Packet [100] received[0m
[91m[ERROR] EOF for sender[0m
[91m[ERROR] ack 100 sended[0m
